<?xml version="1.0" encoding="UTF-8"?>
<testsuite name="com.arkumbra.chip8.opcode.Op00E0Test" tests="1" skipped="0" failures="0" errors="0" timestamp="2020-04-17T09:17:58" hostname="luke-lazer-mint" time="0.074">
  <properties/>
  <testcase name="testClearsScreen" classname="com.arkumbra.chip8.opcode.Op00E0Test" time="0.074"/>
  <system-out><![CDATA[]]></system-out>
  <system-err><![CDATA[]]></system-err>
</testsuite>
