<?xml version="1.0" encoding="UTF-8"?>
<testsuite name="com.arkumbra.chip8.opcode.Op00EETest" tests="1" skipped="0" failures="0" errors="0" timestamp="2020-04-17T09:17:59" hostname="luke-lazer-mint" time="0.004">
  <properties/>
  <testcase name="testClearsScreen" classname="com.arkumbra.chip8.opcode.Op00EETest" time="0.004"/>
  <system-out><![CDATA[]]></system-out>
  <system-err><![CDATA[]]></system-err>
</testsuite>
